<?xml version="1.0" encoding="UTF-8"?>
<!-- Generated by org.testng.reporters.JUnitReportReporter -->
<testsuite hostname="Admin" failures="0" tests="1" name="smamp_mAx_testcases.Smartconfig" time="1015.369" errors="0" timestamp="2025-04-03T20:35:40 IST" skipped="0">
  <testcase classname="smamp_mAx_testcases.Smartconfig" name="Smartconfig_pairing" time="1015.369"/>
</testsuite> <!-- smamp_mAx_testcases.Smartconfig -->
