<?xml version="1.0" encoding="UTF-8"?>
<!-- Generated by org.testng.reporters.JUnitReportReporter -->
<testsuite hostname="Admin" failures="0" tests="1" name="smamp_mAx_testcases.Ble_without_router" time="781.078" errors="0" timestamp="2025-04-03T20:35:40 IST" skipped="0">
  <testcase classname="smamp_mAx_testcases.Ble_without_router" name="Blewithoutrouter_pairing" time="781.078"/>
</testsuite> <!-- smamp_mAx_testcases.Ble_without_router -->
